<?xml version="1.0" encoding="UTF-8"?>
<testsuite xmlns:xsi="http://www.w3.org/2001/XMLSchema-instance" xsi:noNamespaceSchemaLocation="https://maven.apache.org/surefire/maven-surefire-plugin/xsd/surefire-test-report-3.0.xsd" version="3.0" name="com.BookFlow.usuarios.UsuariosApplicationTests" time="14.674" tests="1" errors="0" skipped="0" failures="0">
  <properties>
[...]
</properties>
  <testcase name="contextLoads" classname="com.BookFlow.usuarios.UsuariosApplicationTests" time="0.358">
    <system-out><![CDATA[19:05:10.069 [main] INFO org.springframework.test.context.support.AnnotationConfigContextLoaderUtils -- Could not detect default configuration classes for test class [com.BookFlow.usuarios.UsuariosApplicationTests]: UsuariosApplicationTests does not declare any static, non-private, non-final, nested classes annotated with @Configuration.
19:05:10.187 [main] INFO org.springframework.boot.test.context.SpringBootTestContextBootstrapper -- Found @SpringBootConfiguration com.BookFlow.usuariosApplication for test class com.BookFlow.usuarios.UsuariosApplicationTests
19:05:10.329 [main] INFO org.springframework.boot.devtools.restart.RestartApplicationListener -- Restart disabled due to context in which it is running
  .   ____          _            __ _ _
 /\\ / ___'_ __ _ _(_)_ __  __ _ \ \ \ \
( ( )\___ | '_ | '_| | '_ \/ _` | \ \ \ \
 \\/  ___)| |_)| | | | | || (_| |  ) ) ) )
  '  |____| .__|_| |_|_| |_\__, | / / / /
 =========|_|==============|___/=/_/_/_/

 :: Spring Boot ::                (v3.3.0)

2024-06-23T19:05:10.579-05:00  INFO 9704 --- [services] [           main] c.B.usuarios.UsuariosApplicationTests    : Starting UsuariosApplicationTests using Java 22.0.1 with PID 9704 (started by User in C:\Users\User\Documents\GitHub\random\BACK_END)
2024-06-23T19:05:10.580-05:00  INFO 9704 --- [services] [           main] c.B.usuarios.UsuariosApplicationTests    : No active profile set, falling back to 1 default profile: "default"
2024-06-23T19:05:11.277-05:00  INFO 9704 --- [services] [           main] .s.d.r.c.RepositoryConfigurationDelegate : Bootstrapping Spring Data JPA repositories in DEFAULT mode.
2024-06-23T19:05:11.364-05:00  INFO 9704 --- [services] [           main] .s.d.r.c.RepositoryConfigurationDelegate : Finished Spring Data repository scanning in 81 ms. Found 11 JPA repository interfaces.
2024-06-23T19:05:11.883-05:00  INFO 9704 --- [services] [           main] o.hibernate.jpa.internal.util.LogHelper  : HHH000204: Processing PersistenceUnitInfo [name: default]
2024-06-23T19:05:11.939-05:00  INFO 9704 --- [services] [           main] org.hibernate.Version                    : HHH000412: Hibernate ORM core version 6.5.2.Final
2024-06-23T19:05:11.969-05:00  INFO 9704 --- [services] [           main] o.h.c.internal.RegionFactoryInitiator    : HHH000026: Second-level cache disabled
2024-06-23T19:05:12.244-05:00  INFO 9704 --- [services] [           main] o.s.o.j.p.SpringPersistenceUnitInfo      : No LoadTimeWeaver setup: ignoring JPA class transformer
2024-06-23T19:05:12.268-05:00  INFO 9704 --- [services] [           main] com.zaxxer.hikari.HikariDataSource       : HikariPool-1 - Starting...
2024-06-23T19:05:13.670-05:00  INFO 9704 --- [services] [           main] com.zaxxer.hikari.pool.HikariPool        : HikariPool-1 - Added connection com.mysql.cj.jdbc.ConnectionImpl@78bd02c8
2024-06-23T19:05:13.672-05:00  INFO 9704 --- [services] [           main] com.zaxxer.hikari.HikariDataSource       : HikariPool-1 - Start completed.
2024-06-23T19:05:13.994-05:00  WARN 9704 --- [services] [           main] org.hibernate.orm.deprecation            : HHH90000025: MySQLDialect does not need to be specified explicitly using 'hibernate.dialect' (remove the property setting and it will be selected by default)
2024-06-23T19:05:14.876-05:00  INFO 9704 --- [services] [           main] o.h.e.t.j.p.i.JtaPlatformInitiator       : HHH000489: No JTA platform available (set 'hibernate.transaction.jta.platform' to enable JTA platform integration)
Hibernate: alter table roles modify column name enum ('ROLE_ADMIN','ROLE_INSTRUCTOR','ROLE_USER')
2024-06-23T19:05:18.490-05:00  INFO 9704 --- [services] [           main] j.LocalContainerEntityManagerFactoryBean : Initialized JPA EntityManagerFactory for persistence unit 'default'
2024-06-23T19:05:18.904-05:00  INFO 9704 --- [services] [           main] eAuthenticationProviderManagerConfigurer : Global AuthenticationManager configured with AuthenticationProvider bean with name authenticationProvider
2024-06-23T19:05:18.904-05:00  WARN 9704 --- [services] [           main] r$InitializeUserDetailsManagerConfigurer : Global AuthenticationManager configured with an AuthenticationProvider bean. UserDetailsService beans will not be used for username/password login. Consider removing the AuthenticationProvider bean. Alternatively, consider using the UserDetailsService in a manually instantiated DaoAuthenticationProvider.
2024-06-23T19:05:19.295-05:00  INFO 9704 --- [services] [           main] o.s.s.web.DefaultSecurityFilterChain     : Will secure any request with [org.springframework.security.web.session.DisableEncodeUrlFilter@40032b7b, org.springframework.security.web.context.request.async.WebAsyncManagerIntegrationFilter@5317a7ef, org.springframework.security.web.context.SecurityContextHolderFilter@386b4f7e, org.springframework.security.web.header.HeaderWriterFilter@f1e5f85, org.springframework.web.filter.CorsFilter@6fa48ee4, org.springframework.security.web.authentication.logout.LogoutFilter@33acec5e, com.BookFlow.usuarios.iam.infrastructure.authorization.sfs.pipeline.BearerAuthorizationRequestFilter@7d5ddfac, org.springframework.security.web.savedrequest.RequestCacheAwareFilter@2453cbb7, org.springframework.security.web.servletapi.SecurityContextHolderAwareRequestFilter@ab5954d, org.springframework.security.web.authentication.AnonymousAuthenticationFilter@a422390, org.springframework.security.web.session.SessionManagementFilter@15ec3c0c, org.springframework.security.web.access.ExceptionTranslationFilter@29f58b44, org.springframework.security.web.access.intercept.AuthorizationFilter@4adb2b87]
2024-06-23T19:05:19.648-05:00  INFO 9704 --- [services] [           main] c.B.usuarios.UsuariosApplicationTests    : Started UsuariosApplicationTests in 9.331 seconds (process running for 10.289)
Hibernate: select b1_0.book_id from books b1_0 where b1_0.book_title=? limit ?
Hibernate: select b1_0.book_id from books b1_0 where b1_0.book_title=? limit ?
Hibernate: select b1_0.book_id from books b1_0 where b1_0.book_title=? limit ?
Hibernate: select b1_0.book_id from books b1_0 where b1_0.book_title=? limit ?
Hibernate: select b1_0.book_id from books b1_0 where b1_0.book_title=? limit ?
Hibernate: select g1_0.genre_id from genres g1_0 where g1_0.name=? limit ?
Hibernate: select g1_0.genre_id from genres g1_0 where g1_0.name=? limit ?
Hibernate: select g1_0.genre_id from genres g1_0 where g1_0.name=? limit ?
Hibernate: select g1_0.genre_id from genres g1_0 where g1_0.name=? limit ?
Hibernate: select g1_0.genre_id from genres g1_0 where g1_0.name=? limit ?
Hibernate: select g1_0.genre_id from genres g1_0 where g1_0.name=? limit ?
Hibernate: select g1_0.genre_id from genres g1_0 where g1_0.name=? limit ?
Hibernate: select g1_0.genre_id from genres g1_0 where g1_0.name=? limit ?
Hibernate: select g1_0.genre_id from genres g1_0 where g1_0.name=? limit ?
Hibernate: select g1_0.genre_id from genres g1_0 where g1_0.name=? limit ?
Hibernate: select g1_0.genre_id from genres g1_0 where g1_0.name=? limit ?
Hibernate: select g1_0.genre_id from genres g1_0 where g1_0.name=? limit ?
Hibernate: select g1_0.genre_id from genres g1_0 where g1_0.name=? limit ?
Hibernate: select pm1_0.payment_method_id from payment_methods pm1_0 where pm1_0.payment_method_type=? limit ?
Hibernate: select pm1_0.payment_method_id from payment_methods pm1_0 where pm1_0.payment_method_type=? limit ?
Hibernate: select pm1_0.payment_method_id from payment_methods pm1_0 where pm1_0.payment_method_type=? limit ?
Hibernate: select pm1_0.payment_method_id from payment_methods pm1_0 where pm1_0.payment_method_type=? limit ?
Hibernate: select ts1_0.transaction_id from transaction_states ts1_0 where ts1_0.transaction_state=? limit ?
Hibernate: select ts1_0.transaction_id from transaction_states ts1_0 where ts1_0.transaction_state=? limit ?
Hibernate: select ts1_0.transaction_id from transaction_states ts1_0 where ts1_0.transaction_state=? limit ?
Hibernate: select ts1_0.transaction_id from transaction_states ts1_0 where ts1_0.transaction_state=? limit ?
2024-06-23T19:05:23.789-05:00  INFO 9704 --- [services] [           main] B.u.i.a.i.e.ApplicationReadyEventHandler : Starting to verify if roles seeding is needed for services at 2024-06-23 19:05:23.789
Hibernate: select r1_0.id from roles r1_0 where r1_0.name=? limit ?
Hibernate: select r1_0.id from roles r1_0 where r1_0.name=? limit ?
Hibernate: select r1_0.id from roles r1_0 where r1_0.name=? limit ?
2024-06-23T19:05:24.236-05:00  INFO 9704 --- [services] [           main] B.u.i.a.i.e.ApplicationReadyEventHandler : Roles seeding verification finished for services at 2024-06-23 19:05:24.236
]]></system-out>
    <system-err><![CDATA[WARNING: A Java agent has been loaded dynamically (C:\Users\User\.m2\repository\net\bytebuddy\byte-buddy-agent\1.14.16\byte-buddy-agent-1.14.16.jar)
WARNING: If a serviceability tool is in use, please run with -XX:+EnableDynamicAgentLoading to hide this warning
WARNING: If a serviceability tool is not in use, please run with -Djdk.instrument.traceUsage for more information
WARNING: Dynamic loading of agents will be disallowed by default in a future release
]]></system-err>
  </testcase>
</testsuite>